    1.0000     4.984    -0.235    -1.508    -0.510     0.000
    1.0000     4.983    -0.236    -1.315    -0.448     0.000
    1.0000     4.983    -0.236    -1.273    -0.427     0.000
    1.0000     4.981    -0.237    -1.002    -0.372     0.000
    1.0000     4.980    -0.239    -0.677    -0.312     0.000
    1.0000     4.978    -0.240    -0.382    -0.292     0.000
    1.0000     4.977    -0.241    -0.343    -0.292     0.000
    1.0000     4.975    -0.241    -0.342    -0.292     0.000
    1.0000     4.974    -0.242    -0.341    -0.292     0.000
    1.0000     4.972    -0.243    -0.341    -0.292     0.000
    1.0000     4.970    -0.244    -0.342    -0.293     0.000
    1.0000     4.968    -0.244    -0.343    -0.293     0.000
    1.0000     4.966    -0.245    -0.343    -0.294     0.000
    1.0000     4.964    -0.246    -0.344    -0.295     0.000
    1.0000     4.963    -0.246    -0.344    -0.295     0.000
    1.0000     4.960    -0.247    -0.344    -0.295     0.000
    1.0000     4.958    -0.247    -0.344    -0.295     0.000
    1.0000     4.956    -0.248    -0.344    -0.295     0.000
    1.0000     4.954    -0.248    -0.344    -0.295     0.000
    1.0000     4.952    -0.248    -0.345    -0.296     0.000
    1.0000     4.950    -0.248    -0.345    -0.296     0.000
    1.0000     4.948    -0.248    -0.345    -0.296     0.000
    1.0000     4.946    -0.248    -0.345    -0.296     0.000
    1.0000     4.944    -0.248    -0.345    -0.296     0.000
    1.0000     4.941    -0.248    -0.345    -0.296     0.000
    1.0000     4.939    -0.248    -0.347    -0.296     0.000
    1.0000     4.938    -0.248    -0.392    -0.297     0.000
    1.0000     4.935    -0.248    -0.470    -0.306     0.000
    1.0000     4.933    -0.247    -0.529    -0.324     0.000
    1.0000     4.933    -0.247    -0.661    -0.358     0.000
    1.0000     4.933    -0.247    -0.783    -0.392     0.000
    1.0000     4.934    -0.248    -0.933    -0.433     0.000
    1.0000     4.935    -0.248    -1.094    -0.477     0.000
    1.0000     4.937    -0.248    -1.236    -0.518     0.000
    1.0000     4.938    -0.248    -1.387    -0.559     0.000
    1.0000     4.941    -0.249    -1.475    -0.592     0.000
    1.0000     4.945    -0.249    -1.476    -0.591     0.000
    1.0000     4.949    -0.249    -1.454    -0.573     0.000
    1.0000     4.952    -0.249    -1.481    -0.586     0.000
    1.0000     4.953    -0.249    -1.441    -0.556     0.000
    1.0000     4.954    -0.249    -1.441    -0.541     0.000
    1.0000     4.956    -0.249    -1.469    -0.544     0.000
    1.0000     4.956    -0.250    -1.453    -0.529     0.000
    1.0000     4.956    -0.250    -1.377    -0.502     0.000
    1.0000     4.956    -0.250    -1.196    -0.454     0.000
    1.0000     4.956    -0.250    -1.308    -0.481     0.000
    1.0000     4.956    -0.250    -1.148    -0.442     0.000
    1.0000     4.955    -0.250    -1.041    -0.416     0.000
    1.0000     4.954    -0.251    -0.967    -0.399     0.000
    1.0000     4.953    -0.251    -0.748    -0.355     0.000
    1.0000     4.952    -0.251    -0.650    -0.337     0.000
    1.0000     4.950    -0.251    -0.494    -0.309     0.000
    1.0000     4.947    -0.252    -0.391    -0.301     0.000
    1.0000     4.946    -0.252    -0.352    -0.301     0.000
    1.0000     4.944    -0.252    -0.350    -0.300     0.000
    1.0000     4.942    -0.251    -0.349    -0.300     0.000
    1.0000     4.941    -0.251    -0.349    -0.300     0.000
    1.0000     4.939    -0.251    -0.349    -0.300     0.000
    1.0000     4.937    -0.251    -0.348    -0.299     0.000
    1.0000     4.936    -0.251    -0.348    -0.299     0.000
    1.0000     4.934    -0.251    -0.347    -0.298     0.000
    1.0000     4.933    -0.250    -0.347    -0.298     0.000
    1.0000     4.939    -0.251    -0.347    -0.298     0.000
    1.0000     4.942    -0.248    -0.345    -0.296     0.000
    1.0000     4.940    -0.249    -0.345    -0.296     0.000
    1.0000     4.938    -0.249    -0.345    -0.296     0.000
    1.0000     4.936    -0.249    -0.345    -0.296     0.000
    1.0000     4.934    -0.249    -0.345    -0.296     0.000
    1.0000     4.934    -0.249    -0.345    -0.296     0.000
    1.0000     4.932    -0.249    -0.345    -0.296     0.000
    1.0000     4.931    -0.248    -0.345    -0.295     0.000
    1.0000     4.930    -0.248    -0.344    -0.295     0.000
    1.0000     4.928    -0.248    -0.344    -0.295     0.000
    1.0000     4.928    -0.248    -0.344    -0.295     0.000
    1.0000     4.933    -0.244    -0.342    -0.291     0.000
    1.0000     4.936    -0.245    -0.350    -0.292     0.000
    1.0000     4.940    -0.237    -0.348    -0.284     0.000
    1.0000     4.932    -0.222    -0.351    -0.273     0.000
    1.0000     4.923    -0.224    -0.411    -0.286     0.000
    1.0000     4.925    -0.231    -0.544    -0.320     0.000
    1.0000     4.933    -0.236    -0.732    -0.370     0.000
    1.0000     4.939    -0.239    -0.834    -0.393     0.000
    1.0000     4.944    -0.241    -0.830    -0.392     0.000
    1.0000     4.948    -0.242    -0.945    -0.428     0.000
    1.0000     4.952    -0.242    -1.204    -0.507     0.000
    1.0000     4.956    -0.242    -1.376    -0.534     0.000
    1.0000     4.959    -0.242    -1.256    -0.492     0.000
    1.0000     4.961    -0.241    -0.783    -0.373     0.000
    1.0000     4.972    -0.238    -0.987    -0.425     0.000
    1.0000     4.971    -0.238    -1.234    -0.487     0.000
    1.0000     4.971    -0.239    -1.209    -0.486     0.000
    1.0000     4.971    -0.239    -1.374    -0.540     0.000
    1.0000     4.971    -0.239    -1.414    -0.553     0.000
    1.0000     4.970    -0.240    -1.366    -0.535     0.000
    1.0000     4.970    -0.240    -1.206    -0.479     0.000
    1.0000     4.968    -0.241    -1.075    -0.438     0.000
    1.0000     4.967    -0.241    -1.031    -0.426     0.000
    1.0000     4.965    -0.242    -0.960    -0.405     0.000
    1.0000     4.964    -0.242    -0.912    -0.389     0.000
    1.0000     4.962    -0.243    -0.854    -0.373     0.000
    1.0000     4.961    -0.243    -0.637    -0.328     0.000
    1.0000     4.960    -0.243    -0.407    -0.294     0.000
    1.0000     4.959    -0.244    -0.345    -0.292     0.000
    1.0000     4.957    -0.244    -0.342    -0.292     0.000
    1.0000     4.955    -0.244    -0.342    -0.293     0.000
    1.0000     4.953    -0.244    -0.342    -0.293     0.000
    1.0000     4.952    -0.244    -0.342    -0.293     0.000
    1.0000     4.950    -0.244    -0.341    -0.292     0.000
    1.0000     4.948    -0.245    -0.341    -0.292     0.000
    1.0000     4.947    -0.245    -0.341    -0.292     0.000
    1.0000     4.945    -0.245    -0.341    -0.292     0.000
    1.0000     4.943    -0.244    -0.341    -0.292     0.000
    1.0000     4.941    -0.244    -0.341    -0.292     0.000
    1.0000     4.939    -0.244    -0.341    -0.292     0.000
    1.0000     4.938    -0.244    -0.341    -0.292     0.000
    1.0000     4.937    -0.244    -0.340    -0.292     0.000
    1.0000     4.936    -0.244    -0.340    -0.291     0.000
    1.0000     4.934    -0.243    -0.339    -0.291     0.000
    1.0000     4.932    -0.243    -0.339    -0.290     0.000
    1.0000     4.930    -0.243    -0.339    -0.290     0.000
    1.0000     4.929    -0.243    -0.338    -0.290     0.000
    1.0000     4.927    -0.242    -0.342    -0.289     0.000
    1.0000     4.926    -0.242    -0.380    -0.290     0.000
    1.0000     4.924    -0.242    -0.433    -0.296     0.000
    1.0000     4.924    -0.242    -0.502    -0.314     0.000
    1.0000     4.924    -0.242    -0.586    -0.339     0.000
    1.0000     4.925    -0.242    -0.701    -0.372     0.000
    1.0000     4.926    -0.242    -0.806    -0.403     0.000
    1.0000     4.927    -0.242    -0.893    -0.429     0.000
    1.0000     4.927    -0.242    -0.949    -0.448     0.000
    1.0000     4.928    -0.243    -1.018    -0.475     0.000
    1.0000     4.929    -0.243    -1.091    -0.499     0.000
    1.0000     4.932    -0.244    -1.169    -0.522     0.000
    1.0000     4.935    -0.244    -1.210    -0.537     0.000
    1.0000     4.936    -0.245    -1.187    -0.527     0.000
    1.0000     4.935    -0.245    -1.129    -0.507     0.000
    1.0000     4.935    -0.245    -1.062    -0.473     0.000
    1.0000     4.935    -0.245    -1.036    -0.453     0.000
    1.0000     4.935    -0.245    -1.011    -0.440     0.000
    1.0000     4.934    -0.245    -1.055    -0.446     0.000
    1.0000     4.934    -0.246    -1.153    -0.472     0.000
    1.0000     4.932    -0.245    -1.151    -0.470     0.000
    1.0000     4.931    -0.245    -1.034    -0.438     0.000
    1.0000     4.931    -0.246    -1.003    -0.434     0.000
    1.0000     4.929    -0.245    -0.931    -0.412     0.000
    1.0000     4.928    -0.245    -0.798    -0.372     0.000
    1.0000     4.927    -0.245    -0.607    -0.331     0.000
    1.0000     4.924    -0.245    -0.441    -0.300     0.000
    1.0000     4.922    -0.244    -0.373    -0.293     0.000
    1.0000     4.917    -0.243    -0.342    -0.291     0.000
    1.0000     4.918    -0.243    -0.340    -0.291     0.000
    1.0000     4.921    -0.241    -0.338    -0.289     0.000
    1.0000     4.935    -0.239    -0.335    -0.286     0.000
    1.0000     4.946    -0.236    -0.332    -0.283     0.000
    1.0000     4.941    -0.238    -0.334    -0.285     0.000
    1.0000     4.938    -0.240    -0.335    -0.286     0.000
    1.0000     4.937    -0.238    -0.334    -0.285     0.000
    1.0000     4.936    -0.239    -0.335    -0.286     0.000
    1.0000     4.938    -0.240    -0.336    -0.287     0.000
    1.0000     4.937    -0.241    -0.337    -0.288     0.000
    1.0000     4.942    -0.239    -0.335    -0.286     0.000
    1.0000     4.949    -0.238    -0.334    -0.285     0.000
    1.0000     4.951    -0.236    -0.332    -0.283     0.000
    1.0000     4.950    -0.235    -0.331    -0.282     0.000
    1.0000     4.951    -0.228    -0.324    -0.275     0.000
    1.0000     4.951    -0.227    -0.323    -0.274     0.000
    1.0000     4.960    -0.230    -0.326    -0.277     0.000
    1.0000     4.975    -0.226    -0.322    -0.273     0.000
    1.0000     4.988    -0.220    -0.316    -0.267     0.000
    1.0000     4.995    -0.212    -0.308    -0.259     0.000
    1.0000     5.000    -0.206    -0.307    -0.253     0.000
    1.0000     5.003    -0.202    -0.322    -0.250     0.000
    1.0000     5.005    -0.199    -0.344    -0.252     0.000
    1.0000     5.006    -0.197    -0.339    -0.250     0.000
    1.0000     5.007    -0.195    -0.344    -0.250     0.000
    1.0000     5.007    -0.195    -0.373    -0.255     0.000
    1.0000     5.007    -0.195    -0.424    -0.267     0.000
    1.0000     5.007    -0.195    -0.489    -0.284     0.000
    1.0000     5.007    -0.195    -0.574    -0.308     0.000
    1.0000     5.007    -0.195    -0.611    -0.316     0.000
    1.0000     5.007    -0.195    -0.611    -0.313     0.000
    1.0000     5.007    -0.195    -0.591    -0.304     0.000
    1.0000     5.007    -0.195    -0.681    -0.333     0.000
    1.0000     5.007    -0.196    -0.801    -0.371     0.000
    1.0000     5.007    -0.195    -0.805    -0.350     0.000
    1.0000     5.007    -0.195    -1.026    -0.418     0.000
    1.0000     5.007    -0.195    -1.071    -0.428     0.000
    1.0000     5.007    -0.196    -1.096    -0.434     0.000
    1.0000     5.007    -0.196    -1.102    -0.449     0.000
    1.0000     5.007    -0.197    -1.100    -0.444     0.000
    1.0000     5.006    -0.198    -0.945    -0.391     0.000
    1.0000     5.006    -0.199    -1.025    -0.417     0.000
    1.0000     5.005    -0.200    -0.977    -0.404     0.000
    1.0000     5.005    -0.201    -0.841    -0.366     0.000
    1.0000     5.004    -0.202    -0.561    -0.298     0.000
    1.0000     5.003    -0.203    -0.540    -0.286     0.000
    1.0000     5.003    -0.204    -0.413    -0.265     0.000
    1.0000     5.002    -0.205    -0.322    -0.253     0.000
    1.0000     5.001    -0.206    -0.303    -0.253     0.000
    1.0000     5.001    -0.207    -0.304    -0.255     0.000
    1.0000     5.000    -0.208    -0.305    -0.256     0.000
    1.0000     4.999    -0.210    -0.306    -0.257     0.000
    1.0000     4.998    -0.211    -0.307    -0.258     0.000
    1.0000     4.997    -0.212    -0.308    -0.259     0.000
    1.0000     4.997    -0.212    -0.309    -0.260     0.000
    1.0000     4.996    -0.213    -0.310    -0.261     0.000
    1.0000     4.996    -0.214    -0.311    -0.262     0.000
    1.0000     4.995    -0.215    -0.311    -0.262     0.000
    1.0000     4.994    -0.215    -0.312    -0.263     0.000
    1.0000     4.994    -0.216    -0.313    -0.264     0.000
    1.0000     4.993    -0.217    -0.313    -0.264     0.000
    1.0000     4.992    -0.218    -0.314    -0.265     0.000
    1.0000     4.992    -0.218    -0.314    -0.265     0.000
    1.0000     4.991    -0.219    -0.315    -0.266     0.000
    1.0000     4.990    -0.219    -0.316    -0.267     0.000
    1.0000     4.990    -0.220    -0.317    -0.268     0.000
    1.0000     4.989    -0.221    -0.318    -0.269     0.000
    1.0000     4.988    -0.221    -0.332    -0.269     0.000
    1.0000     4.988    -0.222    -0.462    -0.273     0.000
    1.0000     4.987    -0.223    -0.578    -0.292     0.000
    1.0000     4.987    -0.223    -0.693    -0.323     0.000
    1.0000     4.984    -0.225    -0.817    -0.360     0.000
    1.0000     4.986    -0.224    -0.900    -0.388     0.000
    1.0000     4.985    -0.225    -0.973    -0.414     0.000
    1.0000     4.985    -0.225    -1.046    -0.438     0.000
    1.0000     4.985    -0.225    -1.133    -0.465     0.000
    1.0000     4.984    -0.225    -1.245    -0.499     0.000
    1.0000     4.985    -0.225    -1.346    -0.530     0.000
    1.0000     4.986    -0.225    -1.428    -0.554     0.000
    1.0000     4.983    -0.227    -1.474    -0.576     0.000
    1.0000     4.984    -0.227    -1.497    -0.592     0.000
    1.0000     4.982    -0.228    -1.512    -0.607     0.000
    1.0000     4.980    -0.230    -1.527    -0.622     0.000
    1.0000     4.979    -0.231    -1.530    -0.631     0.000
    1.0000     4.979    -0.231    -1.770    -0.634     0.000
    1.0000     4.977    -0.233    -1.785    -0.634     0.000
    1.0000     4.976    -0.234    -1.782    -0.626     0.000
    1.0000     4.975    -0.234    -1.781    -0.616     0.000
    1.0000     4.974    -0.236    -1.771    -0.599     0.000
    1.0000     4.971    -0.237    -1.752    -0.578     0.000
    1.0000     4.969    -0.238    -1.705    -0.549     0.000
    1.0000     4.968    -0.239    -1.603    -0.512     0.000
    1.0000     4.966    -0.240    -1.435    -0.468     0.000
    1.0000     4.964    -0.240    -1.169    -0.404     0.000
    1.0000     4.964    -0.241    -0.767    -0.332     0.000
    1.0000     4.962    -0.241    -0.428    -0.295     0.000
    1.0000     4.961    -0.242    -0.347    -0.293     0.000
    1.0000     4.960    -0.242    -0.342    -0.292     0.000
    1.0000     4.959    -0.242    -0.342    -0.292     0.000
    1.0000     4.959    -0.242    -0.342    -0.292     0.000
    1.0000     4.957    -0.242    -0.342    -0.292     0.000
    1.0000     4.956    -0.243    -0.342    -0.293     0.000
    1.0000     4.955    -0.243    -0.342    -0.293     0.000
    1.0000     4.952    -0.243    -0.342    -0.293     0.000
    1.0000     4.952    -0.243    -0.341    -0.292     0.000
    1.0000     4.950    -0.243    -0.341    -0.292     0.000
    1.0000     4.948    -0.243    -0.342    -0.292     0.000
    1.0000     4.946    -0.243    -0.342    -0.292     0.000
    1.0000     4.944    -0.243    -0.341    -0.292     0.000
    1.0000     4.938    -0.243    -0.341    -0.292     0.000
    1.0000     4.939    -0.243    -0.342    -0.292     0.000
    1.0000     4.937    -0.243    -0.342    -0.292     0.000
    1.0000     4.935    -0.243    -0.341    -0.292     0.000
    1.0000     4.934    -0.243    -0.341    -0.292     0.000
    1.0000     4.932    -0.242    -0.341    -0.292     0.000
    1.0000     4.931    -0.242    -0.352    -0.292     0.000
    1.0000     4.930    -0.242    -0.541    -0.292     0.000
    1.0000     4.927    -0.242    -0.773    -0.319     0.000
    1.0000     4.927    -0.242    -0.970    -0.368     0.000
    1.0000     4.925    -0.241    -1.115    -0.410     0.000
    1.0000     4.924    -0.241    -1.233    -0.447     0.000
    1.0000     4.924    -0.242    -1.374    -0.488     0.000
    1.0000     4.925    -0.242    -1.461    -0.522     0.000
    1.0000     4.926    -0.243    -1.508    -0.560     0.000
    1.0000     4.927    -0.243    -1.538    -0.598     0.000
    1.0000     4.930    -0.244    -1.806    -0.634     0.000
    1.0000     4.933    -0.245    -1.811    -0.666     0.000
    1.0000     4.934    -0.245    -1.802    -0.686     0.000
    1.0000     4.936    -0.246    -1.797    -0.695     0.000
    1.0000     4.937    -0.246    -1.789    -0.701     0.000
    1.0000     4.938    -0.247    -1.774    -0.710     0.000
    1.0000     4.940    -0.247    -1.743    -0.721     0.000
    1.0000     4.942    -0.248    -1.747    -0.724     0.000
    1.0000     4.943    -0.248    -1.765    -0.720     0.000
    1.0000     4.945    -0.248    -1.779    -0.707     0.000
    1.0000     4.947    -0.249    -1.793    -0.693     0.000
    1.0000     4.947    -0.249    -1.794    -0.681     0.000
    1.0000     4.946    -0.249    -1.799    -0.656     0.000
    1.0000     4.945    -0.250    -1.820    -0.621     0.000
    1.0000     4.946    -0.250    -1.819    -0.573     0.000
    1.0000     4.944    -0.250    -1.657    -0.501     0.000
    1.0000     4.942    -0.251    -1.325    -0.423     0.000
    1.0000     4.942    -0.251    -0.860    -0.339     0.000
    1.0000     4.941    -0.251    -0.451    -0.306     0.000
    1.0000     4.939    -0.251    -0.358    -0.303     0.000
    1.0000     4.937    -0.251    -0.352    -0.302     0.000
    1.0000     4.936    -0.250    -0.352    -0.302     0.000
    1.0000     4.933    -0.250    -0.351    -0.301     0.000
    1.0000     4.931    -0.250    -0.350    -0.301     0.000
    1.0000     4.929    -0.249    -0.350    -0.300     0.000
    1.0000     4.926    -0.249    -0.349    -0.299     0.000
    1.0000     4.924    -0.249    -0.348    -0.299     0.000
    1.0000     4.922    -0.248    -0.347    -0.298     0.000
    1.0000     4.919    -0.247    -0.346    -0.297     0.000
    1.0000     4.917    -0.247    -0.346    -0.296     0.000
    1.0000     4.915    -0.246    -0.345    -0.295     0.000
    1.0000     4.913    -0.245    -0.344    -0.295     0.000
    1.0000     4.911    -0.245    -0.343    -0.294     0.000
    1.0000     4.909    -0.244    -0.342    -0.293     0.000
    1.0000     4.907    -0.243    -0.342    -0.292     0.000
    1.0000     4.905    -0.242    -0.341    -0.292     0.000
    1.0000     4.903    -0.242    -0.340    -0.291     0.000
    1.0000     4.902    -0.241    -0.339    -0.290     0.000
    1.0000     4.899    -0.240    -0.346    -0.289     0.000
    1.0000     4.899    -0.240    -0.502    -0.288     0.000
    1.0000     4.896    -0.238    -0.688    -0.310     0.000
    1.0000     4.896    -0.238    -0.838    -0.349     0.000
    1.0000     4.896    -0.239    -0.935    -0.381     0.000
    1.0000     4.896    -0.239    -1.134    -0.425     0.000
    1.0000     4.896    -0.239    -1.396    -0.479     0.000
    1.0000     4.898    -0.240    -1.488    -0.526     0.000
    1.0000     4.900    -0.241    -1.531    -0.570     0.000
    1.0000     4.902    -0.242    -1.620    -0.617     0.000
    1.0000     4.906    -0.244    -1.833    -0.654     0.000
    1.0000     4.910    -0.246    -1.850    -0.680     0.000
    1.0000     4.912    -0.247    -1.863    -0.690     0.000
    1.0000     4.914    -0.248    -1.872    -0.695     0.000
    1.0000     4.915    -0.249    -1.853    -0.685     0.000
    1.0000     4.915    -0.249    -1.838    -0.677     0.000
    1.0000     4.917    -0.250    -1.813    -0.669     0.000
    1.0000     4.920    -0.251    -1.782    -0.657     0.000
    1.0000     4.920    -0.251    -1.736    -0.650     0.000
    1.0000     4.923    -0.252    -1.752    -0.628     0.000
    1.0000     4.923    -0.252    -1.850    -0.673     0.000
    1.0000     4.924    -0.253    -1.839    -0.657     0.000
    1.0000     4.924    -0.253    -1.762    -0.616     0.000
    1.0000     4.922    -0.253    -1.381    -0.505     0.000
    1.0000     4.922    -0.253    -1.173    -0.445     0.000
    1.0000     4.922    -0.253    -0.985    -0.396     0.000
    1.0000     4.920    -0.253    -0.831    -0.355     0.000
    1.0000     4.918    -0.253    -0.661    -0.319     0.000
    1.0000     4.915    -0.252    -0.423    -0.303     0.000
    1.0000     4.911    -0.251    -0.357    -0.302     0.000
    1.0000     4.908    -0.250    -0.352    -0.302     0.000
    1.0000     4.905    -0.249    -0.351    -0.301     0.000
    1.0000     4.901    -0.247    -0.349    -0.299     0.000
    1.0000     4.897    -0.246    -0.348    -0.298     0.000
    1.0000     4.894    -0.244    -0.346    -0.296     0.000
    1.0000     4.891    -0.243    -0.344    -0.295     0.000
    1.0000     4.888    -0.241    -0.343    -0.293     0.000
    1.0000     4.885    -0.240    -0.341    -0.291     0.000
    1.0000     4.882    -0.238    -0.338    -0.288     0.000
    1.0000     4.878    -0.236    -0.335    -0.286     0.000
    1.0000     4.875    -0.234    -0.333    -0.283     0.000
    1.0000     4.872    -0.232    -0.330    -0.281     0.000
    1.0000     4.868    -0.230    -0.328    -0.279     0.000
    1.0000     4.866    -0.228    -0.325    -0.276     0.000
    1.0000     4.862    -0.225    -0.323    -0.274     0.000
    1.0000     4.858    -0.223    -0.320    -0.271     0.000
    1.0000     4.855    -0.221    -0.318    -0.269     0.000
    1.0000     4.851    -0.218    -0.316    -0.266     0.000
    1.0000     4.848    -0.216    -0.321    -0.264     0.000
    1.0000     4.846    -0.214    -0.431    -0.262     0.000
    1.0000     4.844    -0.212    -0.522    -0.277     0.000
    1.0000     4.840    -0.210    -0.610    -0.301     0.000
    1.0000     4.840    -0.210    -0.755    -0.335     0.000
    1.0000     4.840    -0.210    -0.964    -0.380     0.000
    1.0000     4.839    -0.209    -1.187    -0.432     0.000
    1.0000     4.843    -0.212    -1.397    -0.486     0.000
    1.0000     4.844    -0.213    -1.513    -0.535     0.000
    1.0000     4.848    -0.217    -1.543    -0.582     0.000
    1.0000     4.853    -0.221    -1.546    -0.618     0.000
    1.0000     4.859    -0.225    -1.818    -0.644     0.000
    1.0000     4.858    -0.225    -1.834    -0.655     0.000
    1.0000     4.860    -0.227    -1.851    -0.660     0.000
    1.0000     4.862    -0.228    -1.855    -0.660     0.000
    1.0000     4.867    -0.232    -1.854    -0.659     0.000
    1.0000     4.873    -0.236    -1.861    -0.665     0.000
    1.0000     4.873    -0.237    -1.867    -0.671     0.000
    1.0000     4.872    -0.236    -1.863    -0.673     0.000
    1.0000     4.876    -0.239    -1.856    -0.675     0.000
    1.0000     4.878    -0.240    -1.863    -0.673     0.000
    1.0000     4.878    -0.241    -1.844    -0.652     0.000
    1.0000     4.877    -0.240    -1.813    -0.617     0.000
    1.0000     4.876    -0.240    -1.690    -0.557     0.000
    1.0000     4.868    -0.236    -1.288    -0.453     0.000
    1.0000     4.870    -0.237    -1.081    -0.398     0.000
    1.0000     4.868    -0.236    -0.895    -0.353     0.000
    1.0000     4.868    -0.236    -0.678    -0.310     0.000
    1.0000     4.864    -0.233    -0.423    -0.287     0.000
    1.0000     4.859    -0.230    -0.337    -0.282     0.000
    1.0000     4.854    -0.227    -0.328    -0.278     0.000
    1.0000     4.849    -0.223    -0.324    -0.274     0.000
    1.0000     4.843    -0.219    -0.319    -0.269     0.000
    1.0000     4.838    -0.214    -0.314    -0.265     0.000
    1.0000     4.832    -0.210    -0.310    -0.260     0.000
    1.0000     4.828    -0.206    -0.305    -0.256     0.000
    1.0000     4.823    -0.202    -0.301    -0.252     0.000
    1.0000     4.819    -0.199    -0.297    -0.248     0.000
    1.0000     4.813    -0.194    -0.292    -0.243     0.000
    1.0000     4.808    -0.190    -0.287    -0.238     0.000
    1.0000     4.804    -0.185    -0.283    -0.234     0.000
    1.0000     4.799    -0.181    -0.279    -0.230     0.000
    1.0000     4.795    -0.177    -0.274    -0.225     0.000
    1.0000     4.792    -0.174    -0.271    -0.222     0.000
