 121.0104167   291.069    64.760   -98.664   294.074    25.004     0.367    88.703   451.666   299.786    34.136    57.206     1.434    21.635   356.009     0.000     0.310    -3.237
 121.0312500   216.416    52.403   -54.057   198.471    23.905     0.221    72.432   444.843   298.625    20.688    36.566     1.231    14.647   251.281     0.000     0.278    -1.089
 121.0520833   133.489   -40.346  -109.536   283.443    21.247     0.435    54.546   442.227   298.302     0.462    19.969     3.051    16.456   238.097     0.000     0.318    -0.533
 121.0729167    47.604   -36.936  -110.914   211.170    15.727     0.502    35.406   438.130   297.549   -15.007     4.857     2.875    16.989   169.678     0.000     0.327    -0.709
 121.0937500   -27.729   -25.251   -99.598   120.064     8.665     0.593    18.348   436.247   297.000   -22.592    -4.578     1.632    16.382    87.797     0.000     0.336    -0.352
 121.1145833   -83.001   -31.042   -70.936    48.415     2.560     0.529     5.072   432.639   296.117   -28.476   -12.046     1.085    15.344    15.670     0.000     0.335    -0.963
 121.1354167   -98.905   -39.497   -71.379    43.795     0.269     0.490     0.495   427.173   295.226   -30.760   -14.875     1.134    14.751     2.955     0.000     0.332    -1.065
 121.1562500   -97.138   -28.149   -64.938    27.880     0.000     0.524     0.000   422.439   294.104   -30.820   -15.021     1.233    14.566     2.672     0.000     0.338    -1.111
 121.1770833   -94.104   -22.999   -40.344     7.019    -0.000     0.543     0.000   413.874   292.063   -35.686   -19.018     3.244    13.424     2.204     0.000     0.340    -2.094
 121.1979167   -91.617   -35.374   -30.266    19.807    -0.000     0.545     0.000   402.829   290.120   -43.661   -25.065     6.187    12.409     1.733     0.000     0.342    -2.123
 121.2187500   -88.822   -22.698   -39.925    20.510     0.000     0.408     0.000   395.450   289.128   -45.580   -27.208     6.991    11.381     1.485     0.000     0.331    -1.130
 121.2395833   -89.101   -17.295   -49.292    22.838     0.000     0.525     0.000   392.216   288.728   -44.922   -26.677     7.260    10.985     1.443     0.000     0.339    -0.431
 121.2604167   -87.744   -16.615   -49.809    21.418    -0.000     0.536     0.000   390.674   288.265   -42.249   -24.963     6.629    10.657     1.464     0.000     0.339    -0.489
 121.2812500   -86.521   -21.491   -40.327    20.533     0.000     0.487     0.000   385.999   287.435   -44.279   -26.561     7.367    10.352     1.357     0.000     0.338    -0.957
 121.3020833   -90.698   -13.108   -50.976    17.526    -0.000     0.531     0.000   383.806   287.011   -43.696   -26.363     7.210    10.123     1.354     0.000     0.339    -0.445
 121.3229167   -89.070   -14.847   -32.243     5.523    -0.000     0.521     0.000   378.965   285.710   -46.111   -28.276     8.250     9.585     1.177     0.000     0.341    -1.393
 121.3437500   -84.301   -17.112   -17.379     0.798     0.000     0.249     0.000   369.679   283.174   -47.922   -32.830     7.097     7.995     0.833     0.000     0.303    -2.687
 121.3645833   -79.578   -13.621   -18.280     0.693    -0.000     0.104     0.000   357.196   281.613   -46.750   -39.398     2.350     5.002     0.475     0.000     0.261    -1.619
 121.3854167   -81.382    -4.947   -35.365     5.938    -0.000     0.177     0.000   355.544   281.992   -47.261   -40.037     2.972     4.252     0.392     0.000     0.265     0.252
 121.4062500   -90.582   -18.694   -50.323    29.911    -0.000     0.478     0.000   362.089   282.946   -52.470   -34.475    10.721     7.273     0.663     0.000     0.333     0.995
 121.4270833   -90.448   -14.113   -37.290    13.577    -0.000     0.462     0.000   360.390   282.343   -51.928   -33.498    10.953     7.477     0.696     0.000     0.337    -0.694
 121.4479167   -84.567   -14.784   -24.415     5.389    -0.000     0.212     0.000   353.570   280.407   -48.763   -35.957     6.743     6.063     0.528     0.000     0.286    -1.993
 121.4687500   -85.386    -1.918   -57.887    20.860    -0.000     0.347     0.000   353.453   282.184   -48.219   -35.091     7.279     5.850     0.573     0.000     0.301     1.779
 121.4895833   -90.352    -9.606   -43.982    12.493     0.000     0.552     0.000   357.056   281.887   -48.958   -31.412    10.364     7.181     0.744     0.000     0.341    -0.299
 121.5104167   -91.522    -3.869   -48.686     9.160     0.000     0.590     0.000   356.078   281.738   -47.939   -30.839    10.131     6.969     0.731     0.000     0.342    -0.189
 121.5312500   -92.277    -5.996   -47.969     9.374     0.119     0.499     0.205   354.552   281.402   -47.241   -30.706     9.777     6.757     0.761     0.000     0.337    -0.445
 121.5520833   -77.487    -9.052   -27.398     4.106     1.533     0.185     2.953   347.544   279.613   -43.307   -32.873     5.159     5.275     3.344     0.000     0.277    -1.836
 121.5729167   -37.198    21.927   -40.767    14.500     6.416     0.181    14.028   348.323   280.830   -34.212   -27.106     3.077     4.030    18.797     0.000     0.263     1.353
 121.5937500    23.635    41.706   -26.547    23.332    11.777     0.154    29.893   356.647   282.626   -17.233   -10.717     2.844     3.673    39.431     0.000     0.268     2.377
 121.6145833    96.893    21.761   -13.846    88.448    15.599     0.384    48.288   367.845   284.399    -1.598    10.525     6.144     5.980    80.965     0.000     0.347     2.128
 121.6354167   180.642    29.802     7.078   121.023    18.571     0.384    67.292   377.641   286.099    20.661    32.369     4.883     6.825   117.447     0.000     0.372     2.077
 121.6562500   263.642    11.483    25.974   183.722    21.136     0.334    85.494   387.678   287.644    40.630    53.357     4.342     8.385   162.491     0.000     0.409     1.832
 121.6770833   346.082    14.411    39.149   232.324    23.267     0.279   103.005   397.047   289.159    58.291    72.811     4.136    10.384   212.584     0.000     0.382     1.908
 121.6979167   423.867    20.523    59.869   268.593    24.987     0.249   119.295   405.396   290.493    73.239    89.603     4.275    12.088   256.270     0.000     0.372     1.643
 121.7187500   499.294    17.237    78.720   316.898    26.392     0.305   135.037   412.826   291.642    85.014   104.742     5.414    14.315   302.017     0.000     0.394     1.426
 121.7395833   582.000    28.782   109.188   344.633    27.514     0.293   151.282   420.400   292.710    97.920   120.649     6.438    16.291   340.649     0.000     0.389     1.477
 121.7604167   582.049    25.464   111.597   352.377    27.693     0.265   148.378   425.342   293.445    92.039   117.248     7.471    17.738   348.614     0.000     0.388     0.573
 121.7812500   483.254    15.392    59.330   341.401    26.798     0.233   123.809   425.953   294.044    66.629    93.088     7.840    18.619   328.558     0.000     0.390     0.502
 121.8020833   517.619    12.944    63.138   362.503    27.298     0.183   131.260   431.061   294.807    78.377   103.676     6.557    18.743   344.825     0.000     0.365     0.657
 121.8229167   392.935     4.754   -10.462   349.219    26.044     0.229   103.541   430.430   295.308    49.712    75.968     6.488    19.768   325.973     0.000     0.401    -0.288
 121.8437500   360.224    15.064   -23.553   322.481    25.433     0.248    91.866   431.414   295.678    45.738    68.958     4.790    18.430   312.961     0.000     0.369     0.495
 121.8645833   369.768     8.662   -18.938   331.500    25.424     0.283    91.346   432.875   295.827    48.370    70.729     4.090    18.268   319.522     0.000     0.362     0.173
 121.8854167   338.652    18.956   -26.603   305.685    25.001     0.360    84.184   432.123   295.769    40.750    62.755     4.226    17.779   307.552     0.000     0.348    -0.138
 121.9062500   309.505    21.351   -28.116   281.513    24.548     0.407    77.866   431.632   295.461    35.193    56.313     4.203    16.917   290.520     0.000     0.346    -0.436
 121.9270833   199.589    15.980   -36.093   209.595    21.467     0.400    53.541   427.073   294.947    10.696    30.666     4.692    15.278   218.272     0.000     0.339    -0.590
 121.9479167   269.128     7.867   -29.020   260.978    23.857     0.590    69.571   428.043   294.872    29.258    47.915     4.203    14.454   256.313     0.000     0.348     0.046
 121.9687500   202.040    -7.984   -28.540   227.793    21.833     0.677    55.294   424.654   294.140    11.658    31.068     5.211    14.200   216.818     0.000     0.348    -0.888
 121.9895833   153.234    -5.725   -32.545   191.068    19.577     0.720    44.635   421.104   293.694     0.933    20.162     5.727    13.502   178.754     0.000     0.348    -0.497
