 121.0104167   291.069    64.749   -98.672   294.093    25.004     0.367    88.703   451.666   299.786    34.136    57.206     1.434    21.636   356.014     0.000     0.310    -3.237
 121.0312500   216.418    52.422   -54.068   198.469    23.905     0.221    72.432   444.841   298.624    20.684    36.564     1.231    14.649   251.305     0.000     0.278    -1.090
 121.0520833   133.490   -40.354  -109.541   283.455    21.248     0.435    54.546   442.226   298.302     0.462    19.969     3.051    16.456   238.096     0.000     0.318    -0.533
 121.0729167    47.604   -36.936  -110.915   211.171    15.727     0.503    35.406   438.130   297.549   -15.007     4.857     2.875    16.989   169.678     0.000     0.327    -0.709
 121.0937500   -27.729   -25.251   -99.598   120.063     8.665     0.593    18.348   436.247   297.000   -22.592    -4.578     1.632    16.382    87.797     0.000     0.336    -0.352
 121.1145833   -82.930   -31.038   -70.798    48.404     2.560     0.527     5.072   432.569   296.116   -28.534   -12.108     1.089    15.337    15.679     0.000     0.335    -0.964
 121.1354167   -98.903   -39.501   -71.393    43.805     0.269     0.490     0.495   427.171   295.226   -30.749   -14.869     1.132    14.749     2.954     0.000     0.332    -1.064
 121.1562500   -96.999   -28.153   -64.456    27.719     0.000     0.505     0.000   422.300   294.100   -30.990   -15.143     1.360    14.487     2.649     0.000     0.334    -1.119
 121.1770833   -94.096   -22.996   -40.434     7.073    -0.000     0.543     0.000   413.866   292.062   -35.653   -18.999     3.237    13.417     2.204     0.000     0.340    -2.087
 121.1979167   -91.615   -35.373   -30.281    19.804     0.000     0.545     0.000   402.826   290.120   -43.641   -25.054     6.182    12.405     1.733     0.000     0.342    -2.123
 121.2187500   -88.800   -22.689   -39.864    20.463     0.000     0.407     0.000   395.428   289.123   -45.576   -27.214     6.985    11.377     1.485     0.000     0.331    -1.135
 121.2395833   -89.098   -17.302   -49.335    22.878    -0.000     0.525     0.000   392.212   288.728   -44.912   -26.673     7.257    10.982     1.443     0.000     0.339    -0.426
 121.2604167   -87.743   -16.615   -49.815    21.417    -0.000     0.536     0.000   390.673   288.265   -42.241   -24.959     6.627    10.655     1.464     0.000     0.339    -0.489
 121.2812500   -86.520   -21.490   -40.332    20.532    -0.000     0.487     0.000   385.999   287.435   -44.273   -26.557     7.365    10.351     1.357     0.000     0.338    -0.957
 121.3020833   -90.698   -13.108   -50.980    17.525     0.000     0.531     0.000   383.805   287.011   -43.690   -26.360     7.209    10.122     1.354     0.000     0.339    -0.445
 121.3229167   -89.070   -14.847   -32.246     5.522     0.000     0.521     0.000   378.965   285.710   -46.106   -28.273     8.248     9.585     1.177     0.000     0.341    -1.393
 121.3437500   -84.301   -17.113   -17.380     0.797     0.000     0.249     0.000   369.679   283.174   -47.918   -32.828     7.096     7.994     0.833     0.000     0.303    -2.687
 121.3645833   -79.577   -13.622   -18.281     0.693    -0.000     0.104     0.000   357.195   281.613   -46.748   -39.397     2.350     5.002     0.475     0.000     0.261    -1.619
 121.3854167   -81.385    -4.932   -35.395     5.948    -0.000     0.178     0.000   355.547   281.995   -47.262   -40.033     2.976     4.253     0.392     0.000     0.265     0.256
 121.4062500   -90.585   -18.708   -50.305    29.903     0.000     0.478     0.000   362.093   282.946   -52.467   -34.470    10.723     7.274     0.663     0.000     0.333     0.992
 121.4270833   -90.448   -14.113   -37.293    13.576     0.000     0.462     0.000   360.390   282.343   -51.925   -33.496    10.952     7.477     0.696     0.000     0.337    -0.694
 121.4479167   -84.565   -14.786   -24.415     5.388    -0.000     0.212     0.000   353.569   280.406   -48.760   -35.956     6.742     6.062     0.528     0.000     0.286    -1.993
 121.4687500   -85.390    -1.917   -57.896    20.863     0.000     0.347     0.000   353.457   282.184   -48.219   -35.087     7.282     5.850     0.573     0.000     0.301     1.779
 121.4895833   -90.352    -9.606   -43.982    12.491     0.000     0.552     0.000   357.056   281.887   -48.955   -31.411    10.364     7.181     0.744     0.000     0.341    -0.300
 121.5104167   -91.522    -3.868   -48.688     9.160     0.000     0.590     0.000   356.078   281.738   -47.937   -30.837    10.131     6.969     0.731     0.000     0.342    -0.189
 121.5312500   -92.276    -5.996   -47.970     9.373     0.119     0.499     0.205   354.552   281.402   -47.239   -30.705     9.777     6.757     0.761     0.000     0.337    -0.445
 121.5520833   -77.487    -9.052   -27.399     4.106     1.533     0.185     2.953   347.544   279.613   -43.306   -32.872     5.158     5.275     3.343     0.000     0.277    -1.836
 121.5729167   -37.195    21.919   -40.743    14.487     6.416     0.181    14.028   348.319   280.828   -34.209   -27.107     3.074     4.028    18.792     0.000     0.263     1.352
 121.5937500    23.636    41.711   -26.561    23.340    11.777     0.154    29.893   356.645   282.626   -17.233   -10.717     2.844     3.672    39.430     0.000     0.268     2.379
 121.6145833    96.893    21.765   -13.847    88.444    15.599     0.384    48.288   367.844   284.399    -1.597    10.526     6.143     5.979    80.965     0.000     0.347     2.128
 121.6354167   180.642    29.802     7.077   121.023    18.571     0.384    67.292   377.641   286.099    20.662    32.370     4.883     6.825   117.447     0.000     0.372     2.077
 121.6562500   263.642    11.482    25.973   183.723    21.136     0.334    85.494   387.678   287.644    40.632    53.358     4.341     8.385   162.491     0.000     0.409     1.832
 121.6770833   346.082    14.408    39.146   232.329    23.267     0.279   103.005   397.047   289.159    58.292    72.812     4.136    10.384   212.586     0.000     0.383     1.908
 121.6979167   423.867    20.524    59.865   268.595    24.987     0.249   119.295   405.396   290.493    73.240    89.604     4.275    12.088   256.273     0.000     0.372     1.643
 121.7187500   499.294    17.237    78.717   316.899    26.392     0.305   135.037   412.826   291.642    85.015   104.743     5.414    14.315   302.019     0.000     0.394     1.426
 121.7395833   582.000    28.781   109.198   344.622    27.513     0.293   151.282   420.400   292.710    97.921   120.650     6.438    16.291   340.638     0.000     0.389     1.477
 121.7604167   582.049    25.464   111.595   352.378    27.693     0.265   148.378   425.341   293.445    92.039   117.249     7.471    17.738   348.616     0.000     0.388     0.573
 121.7812500   483.254    15.391    59.322   341.410    26.798     0.233   123.809   425.953   294.044    66.629    93.088     7.840    18.619   328.565     0.000     0.390     0.502
 121.8020833   517.619    12.942    63.137   362.506    27.298     0.183   131.260   431.061   294.807    78.378   103.677     6.557    18.742   344.825     0.000     0.365     0.657
 121.8229167   392.935     4.761   -10.465   349.214    26.044     0.229   103.541   430.429   295.308    49.714    75.969     6.488    19.768   325.973     0.000     0.401    -0.288
 121.8437500   360.225    15.064   -23.553   322.479    25.433     0.248    91.866   431.414   295.678    45.739    68.959     4.790    18.430   312.960     0.000     0.369     0.495
 121.8645833   369.768     8.663   -18.939   331.499    25.424     0.283    91.346   432.875   295.827    48.372    70.729     4.090    18.268   319.521     0.000     0.362     0.173
 121.8854167   338.652    18.956   -26.603   305.685    25.001     0.360    84.184   432.123   295.769    40.751    62.756     4.226    17.779   307.552     0.000     0.348    -0.138
 121.9062500   309.505    21.351   -28.117   281.513    24.548     0.407    77.866   431.632   295.461    35.194    56.313     4.203    16.917   290.519     0.000     0.346    -0.436
 121.9270833   199.589    15.980   -36.094   209.595    21.467     0.400    53.541   427.073   294.947    10.697    30.667     4.691    15.278   218.271     0.000     0.339    -0.590
 121.9479167   269.128     7.867   -29.021   260.977    23.857     0.590    69.571   428.043   294.872    29.259    47.916     4.203    14.454   256.313     0.000     0.348     0.046
 121.9687500   202.040    -7.984   -28.540   227.793    21.833     0.677    55.294   424.654   294.140    11.659    31.069     5.210    14.200   216.817     0.000     0.348    -0.888
 121.9895833   153.234    -5.725   -32.545   191.067    19.577     0.720    44.635   421.104   293.694     0.934    20.163     5.727    13.502   178.753     0.000     0.348    -0.497
